<?xml version="1.0" encoding="UTF-8"?>
<testsuite xmlns:xsi="http://www.w3.org/2001/XMLSchema-instance" xsi:noNamespaceSchemaLocation="https://maven.apache.org/surefire/maven-surefire-plugin/xsd/surefire-test-report-3.0.xsd" version="3.0" name="com.jaime.calculadora.ets.CalculadoraEtsTest" time="0.072" tests="23" errors="0" skipped="0" failures="0">
  <properties>
[...]
</properties>
  <testcase name="testResta" classname="com.jaime.calculadora.ets.CalculadoraEtsTest" time="0.021">
    <system-out><![CDATA[Antes de todas las pruebas.
Antes de cada prueba.
resta
Después de cada prueba.
]]></system-out>
  </testcase>
  <testcase name="testSumar" classname="com.jaime.calculadora.ets.CalculadoraEtsTest" time="0.001">
    <system-out><![CDATA[Antes de cada prueba.
sumar
Después de cada prueba.
]]></system-out>
  </testcase>
  <testcase name="testMain" classname="com.jaime.calculadora.ets.CalculadoraEtsTest" time="0.001">
    <system-out><![CDATA[Antes de cada prueba.
main
Hello World!
0
No se puede realizar la división.
Después de cada prueba.
]]></system-out>
  </testcase>
  <testcase name="testEsPrimoNumeroMenor1" classname="com.jaime.calculadora.ets.CalculadoraEtsTest" time="0.003">
    <system-out><![CDATA[Antes de cada prueba.
esPrimo menor de 1
Después de cada prueba.
]]></system-out>
  </testcase>
  <testcase name="testEsPrimoNumero0" classname="com.jaime.calculadora.ets.CalculadoraEtsTest" time="0.001">
    <system-out><![CDATA[Antes de cada prueba.
esPrimo 0
Después de cada prueba.
]]></system-out>
  </testcase>
  <testcase name="testEsPrimoNumero1" classname="com.jaime.calculadora.ets.CalculadoraEtsTest" time="0.002">
    <system-out><![CDATA[Antes de cada prueba.
esPrimo 1
Después de cada prueba.
]]></system-out>
  </testcase>
  <testcase name="testEsPrimoNumero2" classname="com.jaime.calculadora.ets.CalculadoraEtsTest" time="0.0">
    <system-out><![CDATA[Antes de cada prueba.
esPrimo 2
Después de cada prueba.
]]></system-out>
  </testcase>
  <testcase name="testMultiplicar" classname="com.jaime.calculadora.ets.CalculadoraEtsTest" time="0.001">
    <system-out><![CDATA[Antes de cada prueba.
multiplicar
Después de cada prueba.
]]></system-out>
  </testcase>
  <testcase name="testEsPrimoNumeroMayor1False" classname="com.jaime.calculadora.ets.CalculadoraEtsTest" time="0.001">
    <system-out><![CDATA[Antes de cada prueba.
esPrimo mayor de 1 false
Después de cada prueba.
]]></system-out>
  </testcase>
  <testcase name="testDivisionEntre0" classname="com.jaime.calculadora.ets.CalculadoraEtsTest" time="0.001">
    <system-out><![CDATA[Antes de cada prueba.
division Exception 0
Después de cada prueba.
]]></system-out>
  </testcase>
  <testcase name="testDivision" classname="com.jaime.calculadora.ets.CalculadoraEtsTest" time="0.001">
    <system-out><![CDATA[Antes de cada prueba.
division
Después de cada prueba.
]]></system-out>
  </testcase>
  <testcase name="testEsPrimoNumeroMayor1True" classname="com.jaime.calculadora.ets.CalculadoraEtsTest" time="0.001">
    <system-out><![CDATA[Antes de cada prueba.
esPrimo mayor de 1 true
Después de cada prueba.
]]></system-out>
  </testcase>
  <testcase name="testPotenciaLimite1" classname="com.jaime.calculadora.ets.CalculadoraEtsTest" time="0.001">
    <system-out><![CDATA[Antes de cada prueba.
potencia limite 1
Después de cada prueba.
]]></system-out>
  </testcase>
  <testcase name="testPotenciaLimite2" classname="com.jaime.calculadora.ets.CalculadoraEtsTest" time="0.0">
    <system-out><![CDATA[Antes de cada prueba.
potencia limite 2
Después de cada prueba.
]]></system-out>
  </testcase>
  <testcase name="testPotenciaLimite3" classname="com.jaime.calculadora.ets.CalculadoraEtsTest" time="0.001">
    <system-out><![CDATA[Antes de cada prueba.
potencia limite 3
Después de cada prueba.
]]></system-out>
  </testcase>
  <testcase name="testPotenciaLimite4" classname="com.jaime.calculadora.ets.CalculadoraEtsTest" time="0.001">
    <system-out><![CDATA[Antes de cada prueba.
potencia limite 4
Después de cada prueba.
]]></system-out>
  </testcase>
  <testcase name="testPotenciaLimite5" classname="com.jaime.calculadora.ets.CalculadoraEtsTest" time="0.001">
    <system-out><![CDATA[Antes de cada prueba.
potencia limite 5
Después de cada prueba.
]]></system-out>
  </testcase>
  <testcase name="testPotenciaLimite6" classname="com.jaime.calculadora.ets.CalculadoraEtsTest" time="0.001">
    <system-out><![CDATA[Antes de cada prueba.
potencia limite 6
Después de cada prueba.
]]></system-out>
  </testcase>
  <testcase name="testPotenciaValida1" classname="com.jaime.calculadora.ets.CalculadoraEtsTest" time="0.002">
    <system-out><![CDATA[Antes de cada prueba.
potencia válida 1
Después de cada prueba.
]]></system-out>
  </testcase>
  <testcase name="testPotenciaValida2" classname="com.jaime.calculadora.ets.CalculadoraEtsTest" time="0.001">
    <system-out><![CDATA[Antes de cada prueba.
potencia válida 2
Después de cada prueba.
]]></system-out>
  </testcase>
  <testcase name="testPotenciaInvalida1" classname="com.jaime.calculadora.ets.CalculadoraEtsTest" time="0.001">
    <system-out><![CDATA[Antes de cada prueba.
potencia inválida 1
Después de cada prueba.
]]></system-out>
  </testcase>
  <testcase name="testPotenciaInvalida2" classname="com.jaime.calculadora.ets.CalculadoraEtsTest" time="0.001">
    <system-out><![CDATA[Antes de cada prueba.
potencia inválida 2
Después de cada prueba.
]]></system-out>
  </testcase>
  <testcase name="testPotenciaInvalida3" classname="com.jaime.calculadora.ets.CalculadoraEtsTest" time="0.001">
    <system-out><![CDATA[Antes de cada prueba.
potencia inválida 3
Después de cada prueba.
]]></system-out>
  </testcase>
</testsuite>